[2022-01-05 19:26:20.385] [exthost] [info] Extension host with pid 7974 started
[2022-01-05 19:26:20.386] [exthost] [info] Skipping acquiring lock for /root/.config/awesome/themes/User/workspaceStorage/cd4352ee4d3a7a5bfbdc59ad95c6b31f.
[2022-01-05 19:26:20.981] [exthost] [info] ExtensionService#_doActivateExtension vscode.microsoft-authentication, startup: false, activationEvent: 'onAuthenticationRequest:microsoft'
[2022-01-05 19:26:21.024] [exthost] [info] ExtensionService#_doActivateExtension vscode.debug-auto-launch, startup: true, activationEvent: '*'
[2022-01-05 19:26:21.043] [exthost] [info] ExtensionService#_doActivateExtension vscode.git-base, startup: true, activationEvent: '*', root cause: vscode.github
[2022-01-05 19:26:21.170] [exthost] [info] ExtensionService#_doActivateExtension vscode.git, startup: true, activationEvent: '*'
[2022-01-05 19:26:21.236] [exthost] [info] ExtensionService#_doActivateExtension vscode.github, startup: true, activationEvent: '*'
[2022-01-05 19:26:21.529] [exthost] [info] Eager extensions activated
[2022-01-05 19:26:21.733] [exthost] [info] ExtensionService#_doActivateExtension vscode.emmet, startup: false, activationEvent: 'onStartupFinished'
[2022-01-05 19:26:21.765] [exthost] [info] ExtensionService#_doActivateExtension vscode.merge-conflict, startup: false, activationEvent: 'onStartupFinished'
[2022-01-05 19:26:22.160] [exthost] [info] ExtensionService#_doActivateExtension vscode.github-authentication, startup: false, activationEvent: 'onAuthenticationRequest:github'
[2022-01-05 19:26:23.101] [exthost] [warning] [Decorations] CAPPING events from decorations provider vscode.git 254
[2022-01-05 19:26:27.432] [exthost] [warning] [Decorations] CAPPING events from decorations provider vscode.git 255
[2022-01-05 19:26:33.496] [exthost] [warning] [Decorations] CAPPING events from decorations provider vscode.git 255
[2022-01-05 19:26:39.534] [exthost] [warning] [Decorations] CAPPING events from decorations provider vscode.git 255
[2022-01-05 19:26:45.558] [exthost] [warning] [Decorations] CAPPING events from decorations provider vscode.git 255
[2022-01-05 19:26:51.604] [exthost] [warning] [Decorations] CAPPING events from decorations provider vscode.git 255
[2022-01-05 19:26:57.628] [exthost] [warning] [Decorations] CAPPING events from decorations provider vscode.git 255
[2022-01-05 19:27:03.646] [exthost] [warning] [Decorations] CAPPING events from decorations provider vscode.git 256
[2022-01-05 19:27:09.725] [exthost] [warning] [Decorations] CAPPING events from decorations provider vscode.git 256
[2022-01-05 19:27:16.121] [exthost] [warning] [Decorations] CAPPING events from decorations provider vscode.git 255
[2022-01-05 19:27:22.170] [exthost] [warning] [Decorations] CAPPING events from decorations provider vscode.git 255
[2022-01-05 19:27:28.165] [exthost] [warning] [Decorations] CAPPING events from decorations provider vscode.git 255
[2022-01-05 19:27:34.176] [exthost] [warning] [Decorations] CAPPING events from decorations provider vscode.git 255
[2022-01-05 19:27:40.254] [exthost] [warning] [Decorations] CAPPING events from decorations provider vscode.git 255
[2022-01-05 19:27:46.279] [exthost] [warning] [Decorations] CAPPING events from decorations provider vscode.git 255
[2022-01-05 19:27:52.285] [exthost] [warning] [Decorations] CAPPING events from decorations provider vscode.git 255
[2022-01-05 19:27:58.313] [exthost] [warning] [Decorations] CAPPING events from decorations provider vscode.git 255
[2022-01-05 19:28:04.322] [exthost] [warning] [Decorations] CAPPING events from decorations provider vscode.git 256
[2022-01-05 19:28:10.304] [exthost] [warning] [Decorations] CAPPING events from decorations provider vscode.git 256
[2022-01-05 19:28:16.300] [exthost] [warning] [Decorations] CAPPING events from decorations provider vscode.git 256
[2022-01-05 19:28:22.309] [exthost] [warning] [Decorations] CAPPING events from decorations provider vscode.git 256
[2022-01-05 19:28:58.472] [exthost] [warning] [Decorations] CAPPING events from decorations provider vscode.git 256
[2022-01-05 19:29:04.524] [exthost] [warning] [Decorations] CAPPING events from decorations provider vscode.git 256
[2022-01-05 19:29:10.544] [exthost] [warning] [Decorations] CAPPING events from decorations provider vscode.git 256
[2022-01-05 19:29:16.510] [exthost] [warning] [Decorations] CAPPING events from decorations provider vscode.git 256
[2022-01-05 19:29:22.514] [exthost] [warning] [Decorations] CAPPING events from decorations provider vscode.git 256
[2022-01-05 19:29:28.556] [exthost] [warning] [Decorations] CAPPING events from decorations provider vscode.git 256
[2022-01-05 19:29:34.567] [exthost] [warning] [Decorations] CAPPING events from decorations provider vscode.git 256
[2022-01-05 19:29:40.573] [exthost] [warning] [Decorations] CAPPING events from decorations provider vscode.git 256
[2022-01-05 19:29:47.794] [exthost] [warning] [Decorations] CAPPING events from decorations provider vscode.git 256
[2022-01-05 19:29:53.781] [exthost] [warning] [Decorations] CAPPING events from decorations provider vscode.git 256
[2022-01-05 19:29:59.827] [exthost] [warning] [Decorations] CAPPING events from decorations provider vscode.git 256
[2022-01-05 19:30:05.807] [exthost] [warning] [Decorations] CAPPING events from decorations provider vscode.git 256
[2022-01-05 19:30:11.955] [exthost] [warning] [Decorations] CAPPING events from decorations provider vscode.git 255
[2022-01-05 19:30:17.933] [exthost] [warning] [Decorations] CAPPING events from decorations provider vscode.git 255
[2022-01-05 19:30:23.919] [exthost] [warning] [Decorations] CAPPING events from decorations provider vscode.git 255
[2022-01-05 19:30:29.865] [exthost] [warning] [Decorations] CAPPING events from decorations provider vscode.git 255
[2022-01-05 19:30:35.821] [exthost] [warning] [Decorations] CAPPING events from decorations provider vscode.git 255
[2022-01-05 19:30:42.077] [exthost] [warning] [Decorations] CAPPING events from decorations provider vscode.git 255
[2022-01-05 19:30:48.166] [exthost] [warning] [Decorations] CAPPING events from decorations provider vscode.git 255
[2022-01-05 19:30:54.180] [exthost] [warning] [Decorations] CAPPING events from decorations provider vscode.git 255
[2022-01-05 19:31:09.183] [exthost] [warning] [Decorations] CAPPING events from decorations provider vscode.git 255
[2022-01-05 19:31:15.200] [exthost] [warning] [Decorations] CAPPING events from decorations provider vscode.git 255
[2022-01-05 19:31:27.536] [exthost] [warning] [Decorations] CAPPING events from decorations provider vscode.git 255
[2022-01-05 19:31:33.504] [exthost] [warning] [Decorations] CAPPING events from decorations provider vscode.git 255
[2022-01-05 19:31:39.515] [exthost] [warning] [Decorations] CAPPING events from decorations provider vscode.git 255
[2022-01-05 19:31:45.496] [exthost] [warning] [Decorations] CAPPING events from decorations provider vscode.git 255
[2022-01-05 19:31:51.456] [exthost] [warning] [Decorations] CAPPING events from decorations provider vscode.git 255
[2022-01-05 19:31:57.446] [exthost] [warning] [Decorations] CAPPING events from decorations provider vscode.git 255
[2022-01-05 19:32:04.546] [exthost] [warning] [Decorations] CAPPING events from decorations provider vscode.git 255
[2022-01-05 19:32:10.573] [exthost] [warning] [Decorations] CAPPING events from decorations provider vscode.git 255
[2022-01-05 19:32:16.533] [exthost] [warning] [Decorations] CAPPING events from decorations provider vscode.git 255
[2022-01-05 19:32:22.521] [exthost] [warning] [Decorations] CAPPING events from decorations provider vscode.git 255
[2022-01-05 19:32:28.524] [exthost] [warning] [Decorations] CAPPING events from decorations provider vscode.git 255
[2022-01-05 19:32:34.499] [exthost] [warning] [Decorations] CAPPING events from decorations provider vscode.git 255
[2022-01-05 19:32:40.479] [exthost] [warning] [Decorations] CAPPING events from decorations provider vscode.git 255
[2022-01-05 19:32:46.442] [exthost] [warning] [Decorations] CAPPING events from decorations provider vscode.git 255
[2022-01-05 19:32:52.434] [exthost] [warning] [Decorations] CAPPING events from decorations provider vscode.git 255
[2022-01-05 19:32:58.420] [exthost] [warning] [Decorations] CAPPING events from decorations provider vscode.git 255
[2022-01-05 19:33:04.450] [exthost] [warning] [Decorations] CAPPING events from decorations provider vscode.git 255
[2022-01-05 19:33:10.436] [exthost] [warning] [Decorations] CAPPING events from decorations provider vscode.git 255
[2022-01-05 19:33:16.434] [exthost] [warning] [Decorations] CAPPING events from decorations provider vscode.git 255
[2022-01-05 19:33:22.420] [exthost] [warning] [Decorations] CAPPING events from decorations provider vscode.git 255
[2022-01-05 19:33:28.402] [exthost] [warning] [Decorations] CAPPING events from decorations provider vscode.git 255
[2022-01-05 19:34:10.886] [exthost] [warning] [Decorations] CAPPING events from decorations provider vscode.git 256
[2022-01-05 19:34:16.830] [exthost] [warning] [Decorations] CAPPING events from decorations provider vscode.git 256
[2022-01-05 19:34:22.750] [exthost] [warning] [Decorations] CAPPING events from decorations provider vscode.git 256
[2022-01-05 19:34:28.699] [exthost] [warning] [Decorations] CAPPING events from decorations provider vscode.git 256
[2022-01-05 19:34:34.652] [exthost] [warning] [Decorations] CAPPING events from decorations provider vscode.git 256
[2022-01-05 19:34:40.609] [exthost] [warning] [Decorations] CAPPING events from decorations provider vscode.git 256
[2022-01-05 19:34:46.564] [exthost] [warning] [Decorations] CAPPING events from decorations provider vscode.git 256
[2022-01-05 19:34:52.489] [exthost] [warning] [Decorations] CAPPING events from decorations provider vscode.git 255
[2022-01-05 19:34:58.402] [exthost] [warning] [Decorations] CAPPING events from decorations provider vscode.git 255
[2022-01-05 19:35:04.317] [exthost] [warning] [Decorations] CAPPING events from decorations provider vscode.git 255
[2022-01-05 19:35:10.243] [exthost] [warning] [Decorations] CAPPING events from decorations provider vscode.git 255
[2022-01-05 19:35:12.978] [exthost] [info] ExtensionService#_doActivateExtension vscode.image-preview, startup: false, activationEvent: 'onCustomEditor:imagePreview.previewEditor'
[2022-01-05 19:35:16.287] [exthost] [warning] [Decorations] CAPPING events from decorations provider vscode.git 265
[2022-01-05 19:35:22.459] [exthost] [warning] [Decorations] CAPPING events from decorations provider vscode.git 296
[2022-01-05 19:35:28.699] [exthost] [warning] [Decorations] CAPPING events from decorations provider vscode.git 306
[2022-01-05 19:35:36.992] [exthost] [warning] [Decorations] CAPPING events from decorations provider vscode.git 312
[2022-01-05 19:35:43.263] [exthost] [warning] [Decorations] CAPPING events from decorations provider vscode.git 316
[2022-01-05 19:35:49.458] [exthost] [warning] [Decorations] CAPPING events from decorations provider vscode.git 316
[2022-01-05 19:35:55.637] [exthost] [warning] [Decorations] CAPPING events from decorations provider vscode.git 326
[2022-01-05 19:36:01.762] [exthost] [warning] [Decorations] CAPPING events from decorations provider vscode.git 326
[2022-01-05 19:36:07.813] [exthost] [warning] [Decorations] CAPPING events from decorations provider vscode.git 326
[2022-01-05 19:36:14.011] [exthost] [warning] [Decorations] CAPPING events from decorations provider vscode.git 356
[2022-01-05 19:36:20.352] [exthost] [warning] [Decorations] CAPPING events from decorations provider vscode.git 386
[2022-01-05 19:36:26.739] [exthost] [warning] [Decorations] CAPPING events from decorations provider vscode.git 396
[2022-01-05 19:36:33.205] [exthost] [warning] [Decorations] CAPPING events from decorations provider vscode.git 406
[2022-01-05 19:36:39.994] [exthost] [warning] [Decorations] CAPPING events from decorations provider vscode.git 406
[2022-01-05 19:36:46.692] [exthost] [warning] [Decorations] CAPPING events from decorations provider vscode.git 406
[2022-01-05 19:36:53.276] [exthost] [warning] [Decorations] CAPPING events from decorations provider vscode.git 406
[2022-01-05 19:36:59.425] [exthost] [warning] [Decorations] CAPPING events from decorations provider vscode.git 406
[2022-01-05 19:37:05.567] [exthost] [warning] [Decorations] CAPPING events from decorations provider vscode.git 406
[2022-01-05 19:37:11.709] [exthost] [warning] [Decorations] CAPPING events from decorations provider vscode.git 406
[2022-01-05 19:37:17.834] [exthost] [warning] [Decorations] CAPPING events from decorations provider vscode.git 406
[2022-01-05 19:37:23.940] [exthost] [warning] [Decorations] CAPPING events from decorations provider vscode.git 406
[2022-01-05 19:37:30.060] [exthost] [warning] [Decorations] CAPPING events from decorations provider vscode.git 406
[2022-01-05 19:37:36.182] [exthost] [warning] [Decorations] CAPPING events from decorations provider vscode.git 406
[2022-01-05 19:37:42.309] [exthost] [warning] [Decorations] CAPPING events from decorations provider vscode.git 406
[2022-01-05 19:37:48.423] [exthost] [warning] [Decorations] CAPPING events from decorations provider vscode.git 406
[2022-01-05 19:37:54.558] [exthost] [warning] [Decorations] CAPPING events from decorations provider vscode.git 406
[2022-01-05 19:38:00.676] [exthost] [warning] [Decorations] CAPPING events from decorations provider vscode.git 406
[2022-01-05 19:38:06.793] [exthost] [warning] [Decorations] CAPPING events from decorations provider vscode.git 406
[2022-01-05 19:38:12.943] [exthost] [warning] [Decorations] CAPPING events from decorations provider vscode.git 406
[2022-01-05 19:38:19.012] [exthost] [warning] [Decorations] CAPPING events from decorations provider vscode.git 406
[2022-01-05 19:38:25.114] [exthost] [warning] [Decorations] CAPPING events from decorations provider vscode.git 406
[2022-01-05 19:38:31.226] [exthost] [warning] [Decorations] CAPPING events from decorations provider vscode.git 406
[2022-01-05 19:39:48.269] [exthost] [warning] [Decorations] CAPPING events from decorations provider vscode.git 406
[2022-01-05 19:39:54.380] [exthost] [warning] [Decorations] CAPPING events from decorations provider vscode.git 406
[2022-01-05 19:40:00.455] [exthost] [warning] [Decorations] CAPPING events from decorations provider vscode.git 406
[2022-01-05 19:40:06.596] [exthost] [warning] [Decorations] CAPPING events from decorations provider vscode.git 406
[2022-01-05 19:40:12.718] [exthost] [warning] [Decorations] CAPPING events from decorations provider vscode.git 406
[2022-01-05 19:40:18.849] [exthost] [warning] [Decorations] CAPPING events from decorations provider vscode.git 406
[2022-01-05 19:40:24.951] [exthost] [warning] [Decorations] CAPPING events from decorations provider vscode.git 406
[2022-01-05 19:40:30.999] [exthost] [warning] [Decorations] CAPPING events from decorations provider vscode.git 406
[2022-01-05 19:40:37.126] [exthost] [warning] [Decorations] CAPPING events from decorations provider vscode.git 406
[2022-01-05 19:40:43.241] [exthost] [warning] [Decorations] CAPPING events from decorations provider vscode.git 406
[2022-01-05 19:40:49.330] [exthost] [warning] [Decorations] CAPPING events from decorations provider vscode.git 406
[2022-01-05 19:40:55.444] [exthost] [warning] [Decorations] CAPPING events from decorations provider vscode.git 406
[2022-01-05 19:41:01.559] [exthost] [warning] [Decorations] CAPPING events from decorations provider vscode.git 406
[2022-01-05 19:41:07.721] [exthost] [warning] [Decorations] CAPPING events from decorations provider vscode.git 406
[2022-01-05 19:41:45.660] [exthost] [warning] [Decorations] CAPPING events from decorations provider vscode.git 406
[2022-01-05 19:41:51.712] [exthost] [warning] [Decorations] CAPPING events from decorations provider vscode.git 406
[2022-01-05 19:41:57.814] [exthost] [warning] [Decorations] CAPPING events from decorations provider vscode.git 406
[2022-01-05 19:42:03.883] [exthost] [warning] [Decorations] CAPPING events from decorations provider vscode.git 406
[2022-01-05 19:42:09.898] [exthost] [warning] [Decorations] CAPPING events from decorations provider vscode.git 406
[2022-01-05 19:42:15.973] [exthost] [warning] [Decorations] CAPPING events from decorations provider vscode.git 407
[2022-01-05 19:42:22.019] [exthost] [warning] [Decorations] CAPPING events from decorations provider vscode.git 407
[2022-01-05 19:42:28.091] [exthost] [warning] [Decorations] CAPPING events from decorations provider vscode.git 407
[2022-01-05 19:42:34.168] [exthost] [warning] [Decorations] CAPPING events from decorations provider vscode.git 407
[2022-01-05 19:42:40.258] [exthost] [warning] [Decorations] CAPPING events from decorations provider vscode.git 407
[2022-01-05 19:42:46.341] [exthost] [warning] [Decorations] CAPPING events from decorations provider vscode.git 407
[2022-01-05 19:42:52.416] [exthost] [warning] [Decorations] CAPPING events from decorations provider vscode.git 407
[2022-01-05 19:42:58.509] [exthost] [warning] [Decorations] CAPPING events from decorations provider vscode.git 406
[2022-01-05 19:43:04.556] [exthost] [warning] [Decorations] CAPPING events from decorations provider vscode.git 406
[2022-01-05 19:43:10.628] [exthost] [warning] [Decorations] CAPPING events from decorations provider vscode.git 406
[2022-01-05 19:43:20.830] [exthost] [warning] [Decorations] CAPPING events from decorations provider vscode.git 407
[2022-01-05 19:43:26.911] [exthost] [warning] [Decorations] CAPPING events from decorations provider vscode.git 407
[2022-01-05 19:43:32.976] [exthost] [warning] [Decorations] CAPPING events from decorations provider vscode.git 407
[2022-01-05 19:43:39.086] [exthost] [warning] [Decorations] CAPPING events from decorations provider vscode.git 407
[2022-01-05 19:44:20.137] [exthost] [warning] [Decorations] CAPPING events from decorations provider vscode.git 407
[2022-01-05 19:44:26.215] [exthost] [warning] [Decorations] CAPPING events from decorations provider vscode.git 407
[2022-01-05 19:44:32.293] [exthost] [warning] [Decorations] CAPPING events from decorations provider vscode.git 407
[2022-01-05 19:44:48.434] [exthost] [warning] [Decorations] CAPPING events from decorations provider vscode.git 407
[2022-01-05 19:44:54.485] [exthost] [warning] [Decorations] CAPPING events from decorations provider vscode.git 407
[2022-01-05 19:45:00.599] [exthost] [warning] [Decorations] CAPPING events from decorations provider vscode.git 407
[2022-01-05 19:45:06.647] [exthost] [warning] [Decorations] CAPPING events from decorations provider vscode.git 407
[2022-01-05 19:45:12.745] [exthost] [warning] [Decorations] CAPPING events from decorations provider vscode.git 407
[2022-01-05 19:45:18.773] [exthost] [warning] [Decorations] CAPPING events from decorations provider vscode.git 407
[2022-01-05 19:45:24.850] [exthost] [warning] [Decorations] CAPPING events from decorations provider vscode.git 407
[2022-01-05 19:45:30.958] [exthost] [warning] [Decorations] CAPPING events from decorations provider vscode.git 407
[2022-01-05 19:45:37.006] [exthost] [warning] [Decorations] CAPPING events from decorations provider vscode.git 406
[2022-01-05 19:45:43.074] [exthost] [warning] [Decorations] CAPPING events from decorations provider vscode.git 406
[2022-01-05 19:45:49.164] [exthost] [warning] [Decorations] CAPPING events from decorations provider vscode.git 406
[2022-01-05 19:45:55.250] [exthost] [warning] [Decorations] CAPPING events from decorations provider vscode.git 406
[2022-01-05 19:46:01.326] [exthost] [warning] [Decorations] CAPPING events from decorations provider vscode.git 406
[2022-01-05 19:46:07.438] [exthost] [warning] [Decorations] CAPPING events from decorations provider vscode.git 406
[2022-01-05 19:46:13.481] [exthost] [warning] [Decorations] CAPPING events from decorations provider vscode.git 406
[2022-01-05 19:46:19.536] [exthost] [warning] [Decorations] CAPPING events from decorations provider vscode.git 406
[2022-01-05 19:46:25.603] [exthost] [warning] [Decorations] CAPPING events from decorations provider vscode.git 406
[2022-01-05 19:46:31.695] [exthost] [warning] [Decorations] CAPPING events from decorations provider vscode.git 406
[2022-01-05 19:46:37.762] [exthost] [warning] [Decorations] CAPPING events from decorations provider vscode.git 406
[2022-01-05 19:46:43.834] [exthost] [warning] [Decorations] CAPPING events from decorations provider vscode.git 406
[2022-01-05 19:46:49.932] [exthost] [warning] [Decorations] CAPPING events from decorations provider vscode.git 406
[2022-01-05 19:46:55.979] [exthost] [warning] [Decorations] CAPPING events from decorations provider vscode.git 406
[2022-01-05 19:47:01.985] [exthost] [warning] [Decorations] CAPPING events from decorations provider vscode.git 406
[2022-01-05 19:47:08.041] [exthost] [warning] [Decorations] CAPPING events from decorations provider vscode.git 406
[2022-01-05 19:47:14.106] [exthost] [warning] [Decorations] CAPPING events from decorations provider vscode.git 406
[2022-01-05 19:47:20.227] [exthost] [warning] [Decorations] CAPPING events from decorations provider vscode.git 406
[2022-01-05 19:47:26.325] [exthost] [warning] [Decorations] CAPPING events from decorations provider vscode.git 406
[2022-01-05 19:47:32.382] [exthost] [warning] [Decorations] CAPPING events from decorations provider vscode.git 407
[2022-01-05 19:47:38.495] [exthost] [warning] [Decorations] CAPPING events from decorations provider vscode.git 407
[2022-01-05 19:47:44.573] [exthost] [warning] [Decorations] CAPPING events from decorations provider vscode.git 406
[2022-01-05 19:47:50.756] [exthost] [warning] [Decorations] CAPPING events from decorations provider vscode.git 406
[2022-01-05 19:47:56.887] [exthost] [warning] [Decorations] CAPPING events from decorations provider vscode.git 406
[2022-01-05 19:48:02.926] [exthost] [warning] [Decorations] CAPPING events from decorations provider vscode.git 407
[2022-01-05 19:48:08.962] [exthost] [warning] [Decorations] CAPPING events from decorations provider vscode.git 407
[2022-01-05 19:48:15.016] [exthost] [warning] [Decorations] CAPPING events from decorations provider vscode.git 407
[2022-01-05 19:48:21.108] [exthost] [warning] [Decorations] CAPPING events from decorations provider vscode.git 407
[2022-01-05 19:49:03.038] [exthost] [warning] [Decorations] CAPPING events from decorations provider vscode.git 407
[2022-01-05 19:49:09.105] [exthost] [warning] [Decorations] CAPPING events from decorations provider vscode.git 407
[2022-01-05 19:49:15.150] [exthost] [warning] [Decorations] CAPPING events from decorations provider vscode.git 407
[2022-01-05 19:49:21.165] [exthost] [warning] [Decorations] CAPPING events from decorations provider vscode.git 407
[2022-01-05 19:49:27.207] [exthost] [warning] [Decorations] CAPPING events from decorations provider vscode.git 407
[2022-01-05 19:49:33.253] [exthost] [warning] [Decorations] CAPPING events from decorations provider vscode.git 407
[2022-01-05 19:49:39.317] [exthost] [warning] [Decorations] CAPPING events from decorations provider vscode.git 407
