[2022-01-05 21:44:45.273] [exthost] [info] Extension host with pid 27863 started
[2022-01-05 21:44:45.282] [exthost] [info] Skipping acquiring lock for /root/.config/awesome/themes/User/workspaceStorage/cd4352ee4d3a7a5bfbdc59ad95c6b31f.
[2022-01-05 21:44:46.221] [exthost] [info] ExtensionService#_doActivateExtension vscode.microsoft-authentication, startup: false, activationEvent: 'onAuthenticationRequest:microsoft'
[2022-01-05 21:44:46.313] [exthost] [info] ExtensionService#_doActivateExtension vscode.debug-auto-launch, startup: true, activationEvent: '*'
[2022-01-05 21:44:46.362] [exthost] [info] ExtensionService#_doActivateExtension vscode.git-base, startup: true, activationEvent: '*', root cause: vscode.github
[2022-01-05 21:44:46.603] [exthost] [info] ExtensionService#_doActivateExtension vscode.git, startup: true, activationEvent: '*'
[2022-01-05 21:44:46.681] [exthost] [info] ExtensionService#_doActivateExtension vscode.github, startup: true, activationEvent: '*'
[2022-01-05 21:44:47.277] [exthost] [info] Eager extensions activated
[2022-01-05 21:44:47.292] [exthost] [info] ExtensionService#_doActivateExtension vscode.github-authentication, startup: false, activationEvent: 'onAuthenticationRequest:github'
[2022-01-05 21:44:47.431] [exthost] [info] ExtensionService#_doActivateExtension vscode.emmet, startup: false, activationEvent: 'onStartupFinished'
[2022-01-05 21:44:47.500] [exthost] [info] ExtensionService#_doActivateExtension vscode.merge-conflict, startup: false, activationEvent: 'onStartupFinished'
[2022-01-05 21:44:50.847] [exthost] [warning] [Decorations] CAPPING events from decorations provider vscode.git 652
[2022-01-05 21:44:57.841] [exthost] [warning] [Decorations] CAPPING events from decorations provider vscode.git 652
[2022-01-05 21:45:05.822] [exthost] [warning] [Decorations] CAPPING events from decorations provider vscode.git 652
[2022-01-05 21:45:13.349] [exthost] [warning] [Decorations] CAPPING events from decorations provider vscode.git 652
[2022-01-05 21:45:26.677] [exthost] [warning] [Decorations] CAPPING events from decorations provider vscode.git 652
[2022-01-05 21:45:36.605] [exthost] [warning] [Decorations] CAPPING events from decorations provider vscode.git 652
[2022-01-05 21:46:33.391] [exthost] [warning] [Decorations] CAPPING events from decorations provider vscode.git 652
[2022-01-05 21:46:41.269] [exthost] [warning] [Decorations] CAPPING events from decorations provider vscode.git 652
[2022-01-05 21:47:39.336] [exthost] [warning] [Decorations] CAPPING events from decorations provider vscode.git 652
[2022-01-05 21:50:17.826] [exthost] [warning] [Decorations] CAPPING events from decorations provider vscode.git 652
[2022-01-05 21:50:36.737] [exthost] [warning] [Decorations] CAPPING events from decorations provider vscode.git 652
[2022-01-05 21:50:43.223] [exthost] [warning] [Decorations] CAPPING events from decorations provider vscode.git 652
[2022-01-05 21:55:17.745] [exthost] [warning] [Decorations] CAPPING events from decorations provider vscode.git 652
[2022-01-05 21:55:36.919] [exthost] [warning] [Decorations] CAPPING events from decorations provider vscode.git 652
[2022-01-05 22:01:42.149] [exthost] [warning] [Decorations] CAPPING events from decorations provider vscode.git 652
[2022-01-05 22:01:49.526] [exthost] [warning] [Decorations] CAPPING events from decorations provider vscode.git 652
[2022-01-05 22:02:08.159] [exthost] [warning] [Decorations] CAPPING events from decorations provider vscode.git 653
[2022-01-05 22:02:14.671] [exthost] [warning] [Decorations] CAPPING events from decorations provider vscode.git 653
[2022-01-05 22:02:21.374] [exthost] [warning] [Decorations] CAPPING events from decorations provider vscode.git 653
[2022-01-05 22:02:28.663] [exthost] [warning] [Decorations] CAPPING events from decorations provider vscode.git 653
[2022-01-05 22:02:35.811] [exthost] [warning] [Decorations] CAPPING events from decorations provider vscode.git 653
[2022-01-05 22:02:42.576] [exthost] [warning] [Decorations] CAPPING events from decorations provider vscode.git 653
[2022-01-05 22:02:49.082] [exthost] [warning] [Decorations] CAPPING events from decorations provider vscode.git 653
[2022-01-05 22:02:55.727] [exthost] [warning] [Decorations] CAPPING events from decorations provider vscode.git 653
[2022-01-05 22:03:17.709] [exthost] [warning] [Decorations] CAPPING events from decorations provider vscode.git 653
[2022-01-05 22:03:24.078] [exthost] [warning] [Decorations] CAPPING events from decorations provider vscode.git 653
[2022-01-05 22:03:35.195] [exthost] [warning] [Decorations] CAPPING events from decorations provider vscode.git 653
[2022-01-05 22:03:42.389] [exthost] [warning] [Decorations] CAPPING events from decorations provider vscode.git 653
[2022-01-05 22:04:08.744] [exthost] [warning] [Decorations] CAPPING events from decorations provider vscode.git 653
[2022-01-05 22:08:20.818] [exthost] [warning] [Decorations] CAPPING events from decorations provider vscode.git 653
[2022-01-05 22:08:28.363] [exthost] [warning] [Decorations] CAPPING events from decorations provider vscode.git 653
[2022-01-05 22:08:35.052] [exthost] [warning] [Decorations] CAPPING events from decorations provider vscode.git 653
[2022-01-05 22:08:42.361] [exthost] [warning] [Decorations] CAPPING events from decorations provider vscode.git 653
[2022-01-05 22:08:50.255] [exthost] [warning] [Decorations] CAPPING events from decorations provider vscode.git 653
[2022-01-05 22:08:56.968] [exthost] [warning] [Decorations] CAPPING events from decorations provider vscode.git 653
[2022-01-05 22:09:03.550] [exthost] [warning] [Decorations] CAPPING events from decorations provider vscode.git 653
[2022-01-05 22:10:40.797] [exthost] [warning] [Decorations] CAPPING events from decorations provider vscode.git 653
[2022-01-05 22:10:47.670] [exthost] [warning] [Decorations] CAPPING events from decorations provider vscode.git 653
[2022-01-05 22:10:54.455] [exthost] [warning] [Decorations] CAPPING events from decorations provider vscode.git 653
[2022-01-05 22:11:01.037] [exthost] [warning] [Decorations] CAPPING events from decorations provider vscode.git 653
[2022-01-05 22:11:07.466] [exthost] [warning] [Decorations] CAPPING events from decorations provider vscode.git 653
[2022-01-05 22:11:14.161] [exthost] [warning] [Decorations] CAPPING events from decorations provider vscode.git 653
[2022-01-05 22:11:39.160] [exthost] [warning] [Decorations] CAPPING events from decorations provider vscode.git 653
[2022-01-05 22:11:46.489] [exthost] [warning] [Decorations] CAPPING events from decorations provider vscode.git 653
[2022-01-05 22:11:53.403] [exthost] [warning] [Decorations] CAPPING events from decorations provider vscode.git 653
[2022-01-05 22:12:00.115] [exthost] [warning] [Decorations] CAPPING events from decorations provider vscode.git 653
[2022-01-05 22:15:59.896] [exthost] [info] extension host terminating: renderer closed the socket
[2022-01-05 22:15:59.927] [exthost] [info] Extension host with pid 27863 exiting with code 0
