[2022-01-05 19:59:03.781] [exthost] [info] Extension host with pid 14435 started
[2022-01-05 19:59:03.782] [exthost] [info] Skipping acquiring lock for /root/.config/awesome/themes/User/workspaceStorage/cd4352ee4d3a7a5bfbdc59ad95c6b31f.
[2022-01-05 19:59:04.275] [exthost] [info] ExtensionService#_doActivateExtension vscode.microsoft-authentication, startup: false, activationEvent: 'onAuthenticationRequest:microsoft'
[2022-01-05 19:59:04.326] [exthost] [info] ExtensionService#_doActivateExtension vscode.debug-auto-launch, startup: true, activationEvent: '*'
[2022-01-05 19:59:04.348] [exthost] [info] ExtensionService#_doActivateExtension vscode.git-base, startup: true, activationEvent: '*', root cause: vscode.github
[2022-01-05 19:59:04.496] [exthost] [info] ExtensionService#_doActivateExtension vscode.git, startup: true, activationEvent: '*'
[2022-01-05 19:59:04.549] [exthost] [info] ExtensionService#_doActivateExtension vscode.github, startup: true, activationEvent: '*'
[2022-01-05 19:59:04.818] [exthost] [info] Eager extensions activated
[2022-01-05 19:59:04.908] [exthost] [info] ExtensionService#_doActivateExtension vscode.emmet, startup: false, activationEvent: 'onStartupFinished'
[2022-01-05 19:59:04.953] [exthost] [info] ExtensionService#_doActivateExtension vscode.merge-conflict, startup: false, activationEvent: 'onStartupFinished'
[2022-01-05 19:59:04.979] [exthost] [info] ExtensionService#_doActivateExtension vscode.github-authentication, startup: false, activationEvent: 'onAuthenticationRequest:github'
[2022-01-05 19:59:06.600] [exthost] [warning] [Decorations] CAPPING events from decorations provider vscode.git 648
[2022-01-05 19:59:10.710] [exthost] [warning] [Decorations] CAPPING events from decorations provider vscode.git 648
[2022-01-05 19:59:16.878] [exthost] [warning] [Decorations] CAPPING events from decorations provider vscode.git 648
[2022-01-05 19:59:23.097] [exthost] [warning] [Decorations] CAPPING events from decorations provider vscode.git 648
[2022-01-05 19:59:29.894] [exthost] [warning] [Decorations] CAPPING events from decorations provider vscode.git 648
[2022-01-05 19:59:36.564] [exthost] [warning] [Decorations] CAPPING events from decorations provider vscode.git 648
[2022-01-05 19:59:42.717] [exthost] [warning] [Decorations] CAPPING events from decorations provider vscode.git 648
[2022-01-05 19:59:50.561] [exthost] [warning] [Decorations] CAPPING events from decorations provider vscode.git 648
[2022-01-05 19:59:56.694] [exthost] [warning] [Decorations] CAPPING events from decorations provider vscode.git 648
[2022-01-05 20:00:03.284] [exthost] [warning] [Decorations] CAPPING events from decorations provider vscode.git 648
[2022-01-05 20:00:09.398] [exthost] [warning] [Decorations] CAPPING events from decorations provider vscode.git 648
[2022-01-05 20:00:15.505] [exthost] [warning] [Decorations] CAPPING events from decorations provider vscode.git 648
[2022-01-05 20:00:22.152] [exthost] [warning] [Decorations] CAPPING events from decorations provider vscode.git 648
[2022-01-05 20:00:28.259] [exthost] [warning] [Decorations] CAPPING events from decorations provider vscode.git 648
[2022-01-05 20:00:34.354] [exthost] [warning] [Decorations] CAPPING events from decorations provider vscode.git 649
[2022-01-05 20:00:40.384] [exthost] [warning] [Decorations] CAPPING events from decorations provider vscode.git 649
[2022-01-05 20:00:46.504] [exthost] [warning] [Decorations] CAPPING events from decorations provider vscode.git 649
[2022-01-05 20:00:52.557] [exthost] [warning] [Decorations] CAPPING events from decorations provider vscode.git 649
[2022-01-05 20:00:58.677] [exthost] [warning] [Decorations] CAPPING events from decorations provider vscode.git 649
[2022-01-05 20:01:04.783] [exthost] [warning] [Decorations] CAPPING events from decorations provider vscode.git 648
[2022-01-05 20:01:10.851] [exthost] [warning] [Decorations] CAPPING events from decorations provider vscode.git 649
[2022-01-05 20:01:26.663] [exthost] [warning] [Decorations] CAPPING events from decorations provider vscode.git 649
[2022-01-05 20:01:32.744] [exthost] [warning] [Decorations] CAPPING events from decorations provider vscode.git 649
[2022-01-05 20:01:38.801] [exthost] [warning] [Decorations] CAPPING events from decorations provider vscode.git 649
[2022-01-05 20:01:44.878] [exthost] [warning] [Decorations] CAPPING events from decorations provider vscode.git 649
[2022-01-05 20:01:50.930] [exthost] [warning] [Decorations] CAPPING events from decorations provider vscode.git 649
[2022-01-05 20:01:57.034] [exthost] [warning] [Decorations] CAPPING events from decorations provider vscode.git 649
[2022-01-05 20:02:03.094] [exthost] [warning] [Decorations] CAPPING events from decorations provider vscode.git 648
[2022-01-05 20:02:09.196] [exthost] [warning] [Decorations] CAPPING events from decorations provider vscode.git 648
[2022-01-05 20:02:15.308] [exthost] [warning] [Decorations] CAPPING events from decorations provider vscode.git 648
[2022-01-05 20:02:21.383] [exthost] [warning] [Decorations] CAPPING events from decorations provider vscode.git 648
[2022-01-05 20:02:27.428] [exthost] [warning] [Decorations] CAPPING events from decorations provider vscode.git 648
[2022-01-05 20:02:33.547] [exthost] [warning] [Decorations] CAPPING events from decorations provider vscode.git 648
[2022-01-05 20:02:39.694] [exthost] [warning] [Decorations] CAPPING events from decorations provider vscode.git 648
[2022-01-05 20:02:45.856] [exthost] [warning] [Decorations] CAPPING events from decorations provider vscode.git 648
[2022-01-05 20:02:51.960] [exthost] [warning] [Decorations] CAPPING events from decorations provider vscode.git 648
[2022-01-05 20:02:58.022] [exthost] [warning] [Decorations] CAPPING events from decorations provider vscode.git 648
[2022-01-05 20:03:04.174] [exthost] [warning] [Decorations] CAPPING events from decorations provider vscode.git 648
[2022-01-05 20:03:10.252] [exthost] [warning] [Decorations] CAPPING events from decorations provider vscode.git 648
[2022-01-05 20:03:41.389] [exthost] [warning] [Decorations] CAPPING events from decorations provider vscode.git 648
[2022-01-05 20:03:47.499] [exthost] [warning] [Decorations] CAPPING events from decorations provider vscode.git 648
[2022-01-05 20:03:53.580] [exthost] [warning] [Decorations] CAPPING events from decorations provider vscode.git 648
[2022-01-05 20:03:59.652] [exthost] [warning] [Decorations] CAPPING events from decorations provider vscode.git 648
[2022-01-05 20:04:05.731] [exthost] [warning] [Decorations] CAPPING events from decorations provider vscode.git 648
[2022-01-05 20:04:11.830] [exthost] [warning] [Decorations] CAPPING events from decorations provider vscode.git 648
[2022-01-05 20:04:17.895] [exthost] [warning] [Decorations] CAPPING events from decorations provider vscode.git 649
[2022-01-05 20:04:23.928] [exthost] [warning] [Decorations] CAPPING events from decorations provider vscode.git 649
[2022-01-05 20:04:29.992] [exthost] [warning] [Decorations] CAPPING events from decorations provider vscode.git 649
[2022-01-05 20:04:36.072] [exthost] [warning] [Decorations] CAPPING events from decorations provider vscode.git 649
[2022-01-05 20:04:42.166] [exthost] [warning] [Decorations] CAPPING events from decorations provider vscode.git 649
[2022-01-05 20:04:48.281] [exthost] [warning] [Decorations] CAPPING events from decorations provider vscode.git 649
[2022-01-05 20:04:54.300] [exthost] [warning] [Decorations] CAPPING events from decorations provider vscode.git 649
[2022-01-05 20:05:00.920] [exthost] [warning] [Decorations] CAPPING events from decorations provider vscode.git 649
[2022-01-05 20:05:07.348] [exthost] [warning] [Decorations] CAPPING events from decorations provider vscode.git 649
[2022-01-05 20:05:14.031] [exthost] [warning] [Decorations] CAPPING events from decorations provider vscode.git 649
[2022-01-05 20:05:20.110] [exthost] [warning] [Decorations] CAPPING events from decorations provider vscode.git 649
[2022-01-05 20:05:26.217] [exthost] [warning] [Decorations] CAPPING events from decorations provider vscode.git 649
[2022-01-05 20:05:32.319] [exthost] [warning] [Decorations] CAPPING events from decorations provider vscode.git 649
[2022-01-05 20:05:38.329] [exthost] [warning] [Decorations] CAPPING events from decorations provider vscode.git 649
[2022-01-05 20:05:44.450] [exthost] [warning] [Decorations] CAPPING events from decorations provider vscode.git 649
[2022-01-05 20:05:50.553] [exthost] [warning] [Decorations] CAPPING events from decorations provider vscode.git 649
[2022-01-05 20:05:56.596] [exthost] [warning] [Decorations] CAPPING events from decorations provider vscode.git 649
[2022-01-05 20:06:02.707] [exthost] [warning] [Decorations] CAPPING events from decorations provider vscode.git 649
[2022-01-05 20:06:08.830] [exthost] [warning] [Decorations] CAPPING events from decorations provider vscode.git 649
[2022-01-05 20:06:14.937] [exthost] [warning] [Decorations] CAPPING events from decorations provider vscode.git 649
[2022-01-05 20:06:20.995] [exthost] [warning] [Decorations] CAPPING events from decorations provider vscode.git 648
[2022-01-05 20:06:27.126] [exthost] [warning] [Decorations] CAPPING events from decorations provider vscode.git 648
[2022-01-05 20:06:33.216] [exthost] [warning] [Decorations] CAPPING events from decorations provider vscode.git 648
[2022-01-05 20:06:39.325] [exthost] [warning] [Decorations] CAPPING events from decorations provider vscode.git 648
[2022-01-05 20:06:45.414] [exthost] [warning] [Decorations] CAPPING events from decorations provider vscode.git 648
[2022-01-05 20:06:51.484] [exthost] [warning] [Decorations] CAPPING events from decorations provider vscode.git 648
[2022-01-05 20:06:57.650] [exthost] [warning] [Decorations] CAPPING events from decorations provider vscode.git 648
[2022-01-05 20:07:37.161] [exthost] [warning] [Decorations] CAPPING events from decorations provider vscode.git 648
[2022-01-05 20:07:43.272] [exthost] [warning] [Decorations] CAPPING events from decorations provider vscode.git 648
[2022-01-05 20:07:49.442] [exthost] [warning] [Decorations] CAPPING events from decorations provider vscode.git 648
[2022-01-05 20:08:06.775] [exthost] [warning] [Decorations] CAPPING events from decorations provider vscode.git 648
[2022-01-05 20:08:12.899] [exthost] [warning] [Decorations] CAPPING events from decorations provider vscode.git 648
[2022-01-05 20:08:19.037] [exthost] [warning] [Decorations] CAPPING events from decorations provider vscode.git 648
[2022-01-05 20:08:25.136] [exthost] [warning] [Decorations] CAPPING events from decorations provider vscode.git 648
[2022-01-05 20:08:31.295] [exthost] [warning] [Decorations] CAPPING events from decorations provider vscode.git 648
[2022-01-05 20:08:37.448] [exthost] [warning] [Decorations] CAPPING events from decorations provider vscode.git 648
[2022-01-05 20:08:43.563] [exthost] [warning] [Decorations] CAPPING events from decorations provider vscode.git 648
[2022-01-05 20:08:49.667] [exthost] [warning] [Decorations] CAPPING events from decorations provider vscode.git 648
[2022-01-05 20:08:56.295] [exthost] [warning] [Decorations] CAPPING events from decorations provider vscode.git 648
[2022-01-05 20:09:02.957] [exthost] [warning] [Decorations] CAPPING events from decorations provider vscode.git 648
[2022-01-05 20:09:09.058] [exthost] [warning] [Decorations] CAPPING events from decorations provider vscode.git 648
[2022-01-05 20:09:15.243] [exthost] [warning] [Decorations] CAPPING events from decorations provider vscode.git 648
[2022-01-05 20:09:21.352] [exthost] [warning] [Decorations] CAPPING events from decorations provider vscode.git 648
[2022-01-05 20:09:27.539] [exthost] [warning] [Decorations] CAPPING events from decorations provider vscode.git 648
[2022-01-05 20:09:33.704] [exthost] [warning] [Decorations] CAPPING events from decorations provider vscode.git 648
[2022-01-05 20:09:39.831] [exthost] [warning] [Decorations] CAPPING events from decorations provider vscode.git 648
[2022-01-05 20:09:46.001] [exthost] [warning] [Decorations] CAPPING events from decorations provider vscode.git 648
[2022-01-05 20:09:52.446] [exthost] [warning] [Decorations] CAPPING events from decorations provider vscode.git 648
[2022-01-05 20:09:58.561] [exthost] [warning] [Decorations] CAPPING events from decorations provider vscode.git 648
[2022-01-05 20:10:04.683] [exthost] [warning] [Decorations] CAPPING events from decorations provider vscode.git 648
[2022-01-05 20:10:10.816] [exthost] [warning] [Decorations] CAPPING events from decorations provider vscode.git 648
[2022-01-05 20:12:08.195] [exthost] [warning] [Decorations] CAPPING events from decorations provider vscode.git 648
[2022-01-05 20:12:14.315] [exthost] [warning] [Decorations] CAPPING events from decorations provider vscode.git 648
[2022-01-05 20:12:20.487] [exthost] [warning] [Decorations] CAPPING events from decorations provider vscode.git 648
[2022-01-05 20:12:26.689] [exthost] [warning] [Decorations] CAPPING events from decorations provider vscode.git 648
[2022-01-05 20:12:39.040] [exthost] [warning] [Decorations] CAPPING events from decorations provider vscode.git 640
[2022-01-05 20:12:45.169] [exthost] [warning] [Decorations] CAPPING events from decorations provider vscode.git 640
[2022-01-05 20:12:51.309] [exthost] [warning] [Decorations] CAPPING events from decorations provider vscode.git 640
[2022-01-05 20:12:57.428] [exthost] [warning] [Decorations] CAPPING events from decorations provider vscode.git 640
[2022-01-05 20:13:03.566] [exthost] [warning] [Decorations] CAPPING events from decorations provider vscode.git 640
[2022-01-05 20:13:09.694] [exthost] [warning] [Decorations] CAPPING events from decorations provider vscode.git 640
[2022-01-05 20:13:15.820] [exthost] [warning] [Decorations] CAPPING events from decorations provider vscode.git 640
[2022-01-05 20:13:21.915] [exthost] [warning] [Decorations] CAPPING events from decorations provider vscode.git 640
[2022-01-05 20:13:24.653] [exthost] [info] extension host terminating: renderer closed the socket
[2022-01-05 20:13:24.682] [exthost] [info] Extension host with pid 14435 exiting with code 0
