[2022-01-05 23:04:59.984] [exthost] [info] Extension host with pid 9416 started
[2022-01-05 23:04:59.984] [exthost] [info] Skipping acquiring lock for /root/.config/awesome/themes/User/workspaceStorage/cd4352ee4d3a7a5bfbdc59ad95c6b31f.
[2022-01-05 23:05:00.305] [exthost] [info] ExtensionService#_doActivateExtension vscode.microsoft-authentication, startup: false, activationEvent: 'onAuthenticationRequest:microsoft'
[2022-01-05 23:05:00.353] [exthost] [info] ExtensionService#_doActivateExtension vscode.debug-auto-launch, startup: true, activationEvent: '*'
[2022-01-05 23:05:00.388] [exthost] [info] ExtensionService#_doActivateExtension vscode.git-base, startup: true, activationEvent: '*', root cause: vscode.github
[2022-01-05 23:05:00.481] [exthost] [info] ExtensionService#_doActivateExtension vscode.git, startup: true, activationEvent: '*'
[2022-01-05 23:05:00.533] [exthost] [info] ExtensionService#_doActivateExtension vscode.github, startup: true, activationEvent: '*'
[2022-01-05 23:05:00.709] [exthost] [info] Eager extensions activated
[2022-01-05 23:05:00.948] [exthost] [info] ExtensionService#_doActivateExtension vscode.emmet, startup: false, activationEvent: 'onStartupFinished'
[2022-01-05 23:05:01.200] [exthost] [info] ExtensionService#_doActivateExtension vscode.merge-conflict, startup: false, activationEvent: 'onStartupFinished'
[2022-01-05 23:05:02.204] [exthost] [warning] [Decorations] CAPPING events from decorations provider vscode.git 926
[2022-01-05 23:05:03.284] [exthost] [info] ExtensionService#_doActivateExtension vscode.github-authentication, startup: false, activationEvent: 'onAuthenticationRequest:github'
[2022-01-05 23:05:05.772] [exthost] [warning] [Decorations] CAPPING events from decorations provider vscode.git 929
[2022-01-05 23:05:12.990] [exthost] [warning] [Decorations] CAPPING events from decorations provider vscode.git 929
[2022-01-05 23:05:20.667] [exthost] [warning] [Decorations] CAPPING events from decorations provider vscode.git 929
[2022-01-05 23:05:27.642] [exthost] [warning] [Decorations] CAPPING events from decorations provider vscode.git 929
[2022-01-05 23:05:36.653] [exthost] [warning] [Decorations] CAPPING events from decorations provider vscode.git 929
[2022-01-05 23:05:45.676] [exthost] [warning] [Decorations] CAPPING events from decorations provider vscode.git 929
[2022-01-05 23:05:58.438] [exthost] [warning] [Decorations] CAPPING events from decorations provider vscode.git 929
[2022-01-05 23:06:05.458] [exthost] [warning] [Decorations] CAPPING events from decorations provider vscode.git 930
[2022-01-05 23:06:12.428] [exthost] [warning] [Decorations] CAPPING events from decorations provider vscode.git 930
[2022-01-05 23:06:13.921] [exthost] [info] extension host terminating: renderer closed the socket
[2022-01-05 23:06:13.940] [exthost] [info] Extension host with pid 9416 exiting with code 0
