[2022-01-06 20:02:33.441] [exthost] [info] Extension host with pid 8688 started
[2022-01-06 20:02:33.442] [exthost] [info] Skipping acquiring lock for /root/.config/awesome/User/workspaceStorage/40d3b3ea40e855851fa3cc77c6adf4e7.
[2022-01-06 20:02:34.005] [exthost] [info] ExtensionService#_doActivateExtension vscode.microsoft-authentication, startup: false, activationEvent: 'onAuthenticationRequest:microsoft'
[2022-01-06 20:02:34.060] [exthost] [info] ExtensionService#_doActivateExtension vscode.debug-auto-launch, startup: true, activationEvent: '*'
[2022-01-06 20:02:34.093] [exthost] [info] ExtensionService#_doActivateExtension vscode.git-base, startup: true, activationEvent: '*', root cause: vscode.github
[2022-01-06 20:02:34.408] [exthost] [info] ExtensionService#_doActivateExtension vscode.git, startup: true, activationEvent: '*'
[2022-01-06 20:02:34.473] [exthost] [info] ExtensionService#_doActivateExtension vscode.github, startup: true, activationEvent: '*'
[2022-01-06 20:02:34.738] [exthost] [info] Eager extensions activated
[2022-01-06 20:02:35.413] [exthost] [info] ExtensionService#_doActivateExtension vscode.emmet, startup: false, activationEvent: 'onStartupFinished'
[2022-01-06 20:02:35.501] [exthost] [info] ExtensionService#_doActivateExtension vscode.merge-conflict, startup: false, activationEvent: 'onStartupFinished'
[2022-01-06 20:02:36.853] [exthost] [warning] [Decorations] CAPPING events from decorations provider vscode.git 946
[2022-01-06 20:02:37.934] [exthost] [info] ExtensionService#_doActivateExtension vscode.github-authentication, startup: false, activationEvent: 'onAuthenticationRequest:github'
[2022-01-06 20:02:42.192] [exthost] [warning] [Decorations] CAPPING events from decorations provider vscode.git 949
[2022-01-06 20:02:48.409] [exthost] [warning] [Decorations] CAPPING events from decorations provider vscode.git 949
[2022-01-06 20:02:55.321] [exthost] [warning] [Decorations] CAPPING events from decorations provider vscode.git 949
[2022-01-06 20:03:01.336] [exthost] [warning] [Decorations] CAPPING events from decorations provider vscode.git 949
[2022-01-06 20:03:07.379] [exthost] [warning] [Decorations] CAPPING events from decorations provider vscode.git 949
[2022-01-06 20:03:19.759] [exthost] [warning] [Decorations] CAPPING events from decorations provider vscode.git 949
[2022-01-06 20:03:25.819] [exthost] [warning] [Decorations] CAPPING events from decorations provider vscode.git 949
[2022-01-06 20:03:32.583] [exthost] [warning] [Decorations] CAPPING events from decorations provider vscode.git 949
[2022-01-06 20:03:39.593] [exthost] [warning] [Decorations] CAPPING events from decorations provider vscode.git 950
[2022-01-06 20:03:54.671] [exthost] [warning] [Decorations] CAPPING events from decorations provider vscode.git 951
[2022-01-06 20:04:01.801] [exthost] [warning] [Decorations] CAPPING events from decorations provider vscode.git 951
[2022-01-06 20:04:08.892] [exthost] [warning] [Decorations] CAPPING events from decorations provider vscode.git 951
[2022-01-06 20:04:15.801] [exthost] [warning] [Decorations] CAPPING events from decorations provider vscode.git 950
[2022-01-06 20:04:21.769] [exthost] [warning] [Decorations] CAPPING events from decorations provider vscode.git 950
[2022-01-06 20:04:27.798] [exthost] [warning] [Decorations] CAPPING events from decorations provider vscode.git 950
[2022-01-06 20:04:34.016] [exthost] [warning] [Decorations] CAPPING events from decorations provider vscode.git 950
[2022-01-06 20:04:40.005] [exthost] [warning] [Decorations] CAPPING events from decorations provider vscode.git 951
[2022-01-06 20:04:46.518] [exthost] [warning] [Decorations] CAPPING events from decorations provider vscode.git 950
[2022-01-06 20:05:07.360] [exthost] [warning] [Decorations] CAPPING events from decorations provider vscode.git 950
[2022-01-06 20:05:09.393] [exthost] [info] extension host terminating: renderer closed the socket
[2022-01-06 20:05:09.417] [exthost] [info] Extension host with pid 8688 exiting with code 0
