[2022-01-05 23:11:56.616] [exthost] [info] Extension host with pid 13448 started
[2022-01-05 23:11:56.618] [exthost] [info] Skipping acquiring lock for /root/.config/awesome/User/workspaceStorage/40d3b3ea40e855851fa3cc77c6adf4e7.
[2022-01-05 23:11:57.686] [exthost] [info] ExtensionService#_doActivateExtension vscode.microsoft-authentication, startup: false, activationEvent: 'onAuthenticationRequest:microsoft'
[2022-01-05 23:11:57.740] [exthost] [info] ExtensionService#_doActivateExtension vscode.debug-auto-launch, startup: true, activationEvent: '*'
[2022-01-05 23:11:57.764] [exthost] [info] ExtensionService#_doActivateExtension vscode.git-base, startup: true, activationEvent: '*', root cause: vscode.github
[2022-01-05 23:12:01.176] [exthost] [info] ExtensionService#_doActivateExtension vscode.git, startup: true, activationEvent: '*'
[2022-01-05 23:12:01.242] [exthost] [info] ExtensionService#_doActivateExtension vscode.github, startup: true, activationEvent: '*'
[2022-01-05 23:12:01.596] [exthost] [info] Eager extensions activated
[2022-01-05 23:12:01.856] [exthost] [info] ExtensionService#_doActivateExtension vscode.emmet, startup: false, activationEvent: 'onStartupFinished'
[2022-01-05 23:12:01.968] [exthost] [info] ExtensionService#_doActivateExtension vscode.merge-conflict, startup: false, activationEvent: 'onStartupFinished'
[2022-01-05 23:12:02.488] [exthost] [info] ExtensionService#_doActivateExtension vscode.github-authentication, startup: false, activationEvent: 'onAuthenticationRequest:github'
[2022-01-05 23:12:03.912] [exthost] [warning] [Decorations] CAPPING events from decorations provider vscode.git 928
[2022-01-05 23:12:08.238] [exthost] [warning] [Decorations] CAPPING events from decorations provider vscode.git 928
[2022-01-05 23:12:14.821] [exthost] [warning] [Decorations] CAPPING events from decorations provider vscode.git 927
[2022-01-05 23:12:21.884] [exthost] [warning] [Decorations] CAPPING events from decorations provider vscode.git 927
[2022-01-05 23:12:28.853] [exthost] [warning] [Decorations] CAPPING events from decorations provider vscode.git 927
[2022-01-05 23:12:34.926] [exthost] [warning] [Decorations] CAPPING events from decorations provider vscode.git 927
[2022-01-05 23:12:41.000] [exthost] [warning] [Decorations] CAPPING events from decorations provider vscode.git 927
[2022-01-05 23:12:47.035] [exthost] [warning] [Decorations] CAPPING events from decorations provider vscode.git 927
[2022-01-05 23:12:53.180] [exthost] [warning] [Decorations] CAPPING events from decorations provider vscode.git 927
[2022-01-05 23:13:20.745] [exthost] [info] extension host terminating: renderer closed the socket
[2022-01-05 23:13:20.780] [exthost] [info] Extension host with pid 13448 exiting with code 0
