[2022-01-05 23:02:17.151] [exthost] [info] Extension host with pid 8600 started
[2022-01-05 23:02:17.152] [exthost] [info] Skipping acquiring lock for /root/.config/awesome/User/workspaceStorage/40d3b3ea40e855851fa3cc77c6adf4e7.
[2022-01-05 23:02:17.478] [exthost] [info] ExtensionService#_doActivateExtension vscode.microsoft-authentication, startup: false, activationEvent: 'onAuthenticationRequest:microsoft'
[2022-01-05 23:02:17.606] [exthost] [info] ExtensionService#_doActivateExtension vscode.debug-auto-launch, startup: true, activationEvent: '*'
[2022-01-05 23:02:17.636] [exthost] [info] ExtensionService#_doActivateExtension vscode.git-base, startup: true, activationEvent: '*', root cause: vscode.github
[2022-01-05 23:02:17.746] [exthost] [info] ExtensionService#_doActivateExtension vscode.github, startup: true, activationEvent: '*'
[2022-01-05 23:02:17.805] [exthost] [info] Eager extensions activated
[2022-01-05 23:02:17.815] [exthost] [info] ExtensionService#_doActivateExtension vscode.emmet, startup: false, activationEvent: 'onStartupFinished'
[2022-01-05 23:02:17.873] [exthost] [info] ExtensionService#_doActivateExtension vscode.merge-conflict, startup: false, activationEvent: 'onStartupFinished'
[2022-01-05 23:02:18.064] [exthost] [info] ExtensionService#_doActivateExtension vscode.github-authentication, startup: false, activationEvent: 'onAuthenticationRequest:github'
[2022-01-05 23:02:24.613] [exthost] [info] ExtensionService#_doActivateExtension vscode.git, startup: false, activationEvent: 'api', root cause: vscode.github
[2022-01-05 23:02:26.328] [exthost] [warning] [Decorations] CAPPING events from decorations provider vscode.git 809
[2022-01-05 23:02:31.478] [exthost] [warning] [Decorations] CAPPING events from decorations provider vscode.git 873
[2022-01-05 23:02:38.608] [exthost] [warning] [Decorations] CAPPING events from decorations provider vscode.git 878
[2022-01-05 23:02:45.752] [exthost] [warning] [Decorations] CAPPING events from decorations provider vscode.git 881
[2022-01-05 23:02:46.818] [exthost] [info] ExtensionService#_doActivateExtension vscode.configuration-editing, startup: false, activationEvent: 'onLanguage:jsonc'
[2022-01-05 23:02:46.858] [exthost] [info] ExtensionService#_doActivateExtension vscode.json-language-features, startup: false, activationEvent: 'onLanguage:jsonc'
[2022-01-05 23:02:47.052] [exthost] [info] ExtensionService#_doActivateExtension vscode.typescript-language-features, startup: false, activationEvent: 'onLanguage:jsonc'
[2022-01-05 23:02:50.820] [exthost] [info] extension host terminating: renderer closed the socket
[2022-01-05 23:02:50.860] [exthost] [info] Extension host with pid 8600 exiting with code 0
